<?xml version="1.0" encoding="UTF-8"?>
<!-- Generated by org.testng.reporters.JUnitXMLReporter -->
<testsuite ignored="0" hostname="lENOVO-PC" failures="0" tests="5" name="Test" time="133.733" errors="0" timestamp="2023-01-02T15:45:43 IST">
  <testcase classname="testCases.TC_003_LoginDataDriven_Test" name="loginPage" time="16.723"/>
  <testcase classname="testCases.TC_003_LoginDataDriven_Test" name="loginPage" time="20.515"/>
  <testcase classname="testCases.TC_003_LoginDataDriven_Test" name="loginPage" time="16.339"/>
  <testcase classname="testCases.TC_003_LoginDataDriven_Test" name="loginPage" time="15.196"/>
  <testcase classname="testCases.TC_003_LoginDataDriven_Test" name="loginPage" time="9.544"/>
</testsuite> <!-- Test -->
