<?xml version="1.0" encoding="UTF-8"?>
<!-- Generated by org.testng.reporters.JUnitXMLReporter -->
<testsuite ignored="0" hostname="lENOVO-PC" failures="0" tests="5" name="Test" time="119.733" errors="0" timestamp="2023-01-02T20:08:33 IST">
  <testcase classname="testCases.TC_003_LoginDataDriven_Test" name="loginPage" time="20.066"/>
  <testcase classname="testCases.TC_003_LoginDataDriven_Test" name="loginPage" time="22.76"/>
  <testcase classname="testCases.TC_003_LoginDataDriven_Test" name="loginPage" time="16.25"/>
  <testcase classname="testCases.TC_003_LoginDataDriven_Test" name="loginPage" time="15.274"/>
  <testcase classname="testCases.TC_003_LoginDataDriven_Test" name="loginPage" time="8.179"/>
</testsuite> <!-- Test -->
