<?xml version="1.0" encoding="UTF-8"?>
<testng-results ignored="0" total="5" passed="5" failed="0" skipped="0">
  <reporter-output>
  </reporter-output>
  <suite started-at="2023-01-02T20:06:31 IST" name="Suite" finished-at="2023-01-02T20:08:31 IST" duration-ms="119733">
    <groups>
    </groups>
    <test started-at="2023-01-02T20:06:31 IST" name="Test" finished-at="2023-01-02T20:08:31 IST" duration-ms="119733">
      <class name="testCases.TC_003_LoginDataDriven_Test">
        <test-method is-config="true" signature="setup(java.lang.String)[pri:0, instance:testCases.TC_003_LoginDataDriven_Test@15bb5034]" started-at="2023-01-02T20:06:33 IST" name="setup" finished-at="2023-01-02T20:06:59 IST" duration-ms="26617" status="PASS">
          <params>
            <param index="0">
              <value>
                <![CDATA[chrome]]>
              </value>
            </param>
          </params>
          <reporter-output>
          </reporter-output>
        </test-method> <!-- setup -->
        <test-method signature="loginPage(java.lang.String,java.lang.String,java.lang.String)[pri:0, instance:testCases.TC_003_LoginDataDriven_Test@15bb5034]" started-at="2023-01-02T20:07:07 IST" name="loginPage" data-provider="loginData" finished-at="2023-01-02T20:07:27 IST" duration-ms="20066" status="PASS">
          <params>
            <param index="0">
              <value>
                <![CDATA[pavanoltraining@gmail.com]]>
              </value>
            </param>
            <param index="1">
              <value>
                <![CDATA[test@123]]>
              </value>
            </param>
            <param index="2">
              <value>
                <![CDATA[Invalid]]>
              </value>
            </param>
          </params>
          <reporter-output>
          </reporter-output>
        </test-method> <!-- loginPage -->
        <test-method signature="loginPage(java.lang.String,java.lang.String,java.lang.String)[pri:0, instance:testCases.TC_003_LoginDataDriven_Test@15bb5034]" started-at="2023-01-02T20:07:27 IST" name="loginPage" data-provider="loginData" finished-at="2023-01-02T20:07:49 IST" duration-ms="22760" status="PASS">
          <params>
            <param index="0">
              <value>
                <![CDATA[lakshmi@yahoo.com]]>
              </value>
            </param>
            <param index="1">
              <value>
                <![CDATA[Laxmi]]>
              </value>
            </param>
            <param index="2">
              <value>
                <![CDATA[Invalid]]>
              </value>
            </param>
          </params>
          <reporter-output>
          </reporter-output>
        </test-method> <!-- loginPage -->
        <test-method signature="loginPage(java.lang.String,java.lang.String,java.lang.String)[pri:0, instance:testCases.TC_003_LoginDataDriven_Test@15bb5034]" started-at="2023-01-02T20:07:50 IST" name="loginPage" data-provider="loginData" finished-at="2023-01-02T20:08:06 IST" duration-ms="16250" status="PASS">
          <params>
            <param index="0">
              <value>
                <![CDATA[laksh@yahoo.com]]>
              </value>
            </param>
            <param index="1">
              <value>
                <![CDATA[Lakshmi]]>
              </value>
            </param>
            <param index="2">
              <value>
                <![CDATA[Invalid]]>
              </value>
            </param>
          </params>
          <reporter-output>
          </reporter-output>
        </test-method> <!-- loginPage -->
        <test-method signature="loginPage(java.lang.String,java.lang.String,java.lang.String)[pri:0, instance:testCases.TC_003_LoginDataDriven_Test@15bb5034]" started-at="2023-01-02T20:08:06 IST" name="loginPage" data-provider="loginData" finished-at="2023-01-02T20:08:21 IST" duration-ms="15274" status="PASS">
          <params>
            <param index="0">
              <value>
                <![CDATA[laks@yahoo.com]]>
              </value>
            </param>
            <param index="1">
              <value>
                <![CDATA[xyz]]>
              </value>
            </param>
            <param index="2">
              <value>
                <![CDATA[Invalid]]>
              </value>
            </param>
          </params>
          <reporter-output>
          </reporter-output>
        </test-method> <!-- loginPage -->
        <test-method signature="loginPage(java.lang.String,java.lang.String,java.lang.String)[pri:0, instance:testCases.TC_003_LoginDataDriven_Test@15bb5034]" started-at="2023-01-02T20:08:21 IST" name="loginPage" data-provider="loginData" finished-at="2023-01-02T20:08:29 IST" duration-ms="8179" status="PASS">
          <params>
            <param index="0">
              <value>
                <![CDATA[kumarsnm@gmail.com]]>
              </value>
            </param>
            <param index="1">
              <value>
                <![CDATA[test@123]]>
              </value>
            </param>
            <param index="2">
              <value>
                <![CDATA[Valid]]>
              </value>
            </param>
          </params>
          <reporter-output>
          </reporter-output>
        </test-method> <!-- loginPage -->
        <test-method is-config="true" signature="tearDown()[pri:0, instance:testCases.TC_003_LoginDataDriven_Test@15bb5034]" started-at="2023-01-02T20:08:29 IST" name="tearDown" finished-at="2023-01-02T20:08:31 IST" duration-ms="1309" status="PASS">
          <reporter-output>
          </reporter-output>
        </test-method> <!-- tearDown -->
      </class> <!-- testCases.TC_003_LoginDataDriven_Test -->
    </test> <!-- Test -->
  </suite> <!-- Suite -->
</testng-results>
