<?xml version="1.0" encoding="UTF-8"?>
<testng-results ignored="0" total="1" passed="1" failed="0" skipped="0">
  <reporter-output>
  </reporter-output>
  <suite started-at="2023-01-23T06:17:21 IST" name="Suite" finished-at="2023-01-23T06:18:09 IST" duration-ms="48293">
    <groups>
      <group name="Sanity">
        <method signature="TC_002_LoginTest.loginPage()[pri:0, instance:testCases.TC_002_LoginTest@21282ed8]" name="loginPage" class="testCases.TC_002_LoginTest"/>
      </group> <!-- Sanity -->
      <group name="Regression">
        <method signature="TC_002_LoginTest.loginPage()[pri:0, instance:testCases.TC_002_LoginTest@21282ed8]" name="loginPage" class="testCases.TC_002_LoginTest"/>
      </group> <!-- Regression -->
    </groups>
    <test started-at="2023-01-23T06:17:21 IST" name="Test" finished-at="2023-01-23T06:18:09 IST" duration-ms="48293">
      <class name="testCases.TC_002_LoginTest">
        <test-method is-config="true" signature="setup(java.lang.String)[pri:0, instance:testCases.TC_002_LoginTest@21282ed8]" started-at="2023-01-23T06:17:23 IST" name="setup" finished-at="2023-01-23T06:17:59 IST" duration-ms="35980" status="PASS">
          <params>
            <param index="0">
              <value>
                <![CDATA[chrome]]>
              </value>
            </param>
          </params>
          <reporter-output>
          </reporter-output>
        </test-method> <!-- setup -->
        <test-method signature="loginPage()[pri:0, instance:testCases.TC_002_LoginTest@21282ed8]" started-at="2023-01-23T06:17:59 IST" name="loginPage" finished-at="2023-01-23T06:18:08 IST" duration-ms="8381" status="PASS">
          <reporter-output>
          </reporter-output>
        </test-method> <!-- loginPage -->
        <test-method is-config="true" signature="tearDown()[pri:0, instance:testCases.TC_002_LoginTest@21282ed8]" started-at="2023-01-23T06:18:08 IST" name="tearDown" finished-at="2023-01-23T06:18:09 IST" duration-ms="1226" status="PASS">
          <reporter-output>
          </reporter-output>
        </test-method> <!-- tearDown -->
      </class> <!-- testCases.TC_002_LoginTest -->
    </test> <!-- Test -->
  </suite> <!-- Suite -->
</testng-results>
